This is pdfTeX, Version 3.14159265-2.6-1.40.16 (TeX Live 2015) (preloaded format=pdflatex 2015.5.24)  13 MAY 2016 17:06
entering extended mode
 restricted \write18 enabled.
 file:line:error style messages enabled.
 %&-line parsing enabled.
**detsim.tex
(./detsim.tex
LaTeX2e <2015/01/01>
Babel <3.9l> and hyphenation patterns for 79 languages loaded.
(./articleMine.cls

LaTeX Warning: You have requested document class `articleMine',
               but the document class provides `article'.

Document Class: article 2004/02/16 v1.4f Standard LaTeX document class
(/usr/local/texlive/2015/texmf-dist/tex/latex/base/size11.clo
File: size11.clo 2014/09/29 v1.4h Standard LaTeX file (size option)
)
\c@part=\count79
\c@section=\count80
\c@subsection=\count81
\c@subsubsection=\count82
\c@paragraph=\count83
\c@subparagraph=\count84
\c@figure=\count85
\c@table=\count86
\abovecaptionskip=\skip41
\belowcaptionskip=\skip42
\bibindent=\dimen102
) (/usr/local/texlive/2015/texmf-dist/tex/generic/babel/babel.sty
Package: babel 2014/09/25 3.9l The Babel package
(/usr/local/texlive/2015/texmf-dist/tex/generic/babel-english/english.ldf
Language: english 2012/08/20 v3.3p English support from the babel system
(/usr/local/texlive/2015/texmf-dist/tex/generic/babel/babel.def
File: babel.def 2014/09/25 3.9l Babel common definitions
\babel@savecnt=\count87
\U@D=\dimen103
)
\l@canadian = a dialect from \language\l@american 
\l@australian = a dialect from \language\l@british 
\l@newzealand = a dialect from \language\l@british 
)) (/usr/local/texlive/2015/texmf-dist/tex/latex/a4wide/a4wide.sty
Package: a4wide 1994/08/30
(/usr/local/texlive/2015/texmf-dist/tex/latex/ntgclass/a4.sty
Package: a4 2004/04/15 v1.2g A4 based page layout
)) (/usr/local/texlive/2015/texmf-dist/tex/latex/amsmath/amsmath.sty
Package: amsmath 2013/01/14 v2.14 AMS math features
\@mathmargin=\skip43
For additional information on amsmath, use the `?' option.
(/usr/local/texlive/2015/texmf-dist/tex/latex/amsmath/amstext.sty
Package: amstext 2000/06/29 v2.01
(/usr/local/texlive/2015/texmf-dist/tex/latex/amsmath/amsgen.sty
File: amsgen.sty 1999/11/30 v2.0
\@emptytoks=\toks14
\ex@=\dimen104
)) (/usr/local/texlive/2015/texmf-dist/tex/latex/amsmath/amsbsy.sty
Package: amsbsy 1999/11/29 v1.2d
\pmbraise@=\dimen105
) (/usr/local/texlive/2015/texmf-dist/tex/latex/amsmath/amsopn.sty
Package: amsopn 1999/12/14 v2.01 operator names
)
\inf@bad=\count88
LaTeX Info: Redefining \frac on input line 210.
\uproot@=\count89
\leftroot@=\count90
LaTeX Info: Redefining \overline on input line 306.
\classnum@=\count91
\DOTSCASE@=\count92
LaTeX Info: Redefining \ldots on input line 378.
LaTeX Info: Redefining \dots on input line 381.
LaTeX Info: Redefining \cdots on input line 466.
\Mathstrutbox@=\box26
\strutbox@=\box27
\big@size=\dimen106
LaTeX Font Info:    Redeclaring font encoding OML on input line 566.
LaTeX Font Info:    Redeclaring font encoding OMS on input line 567.
\macc@depth=\count93
\c@MaxMatrixCols=\count94
\dotsspace@=\muskip10
\c@parentequation=\count95
\dspbrk@lvl=\count96
\tag@help=\toks15
\row@=\count97
\column@=\count98
\maxfields@=\count99
\andhelp@=\toks16
\eqnshift@=\dimen107
\alignsep@=\dimen108
\tagshift@=\dimen109
\tagwidth@=\dimen110
\totwidth@=\dimen111
\lineht@=\dimen112
\@envbody=\toks17
\multlinegap=\skip44
\multlinetaggap=\skip45
\mathdisplay@stack=\toks18
LaTeX Info: Redefining \[ on input line 2665.
LaTeX Info: Redefining \] on input line 2666.
) (/usr/local/texlive/2015/texmf-dist/tex/latex/amsfonts/amssymb.sty
Package: amssymb 2013/01/14 v3.01 AMS font symbols
(/usr/local/texlive/2015/texmf-dist/tex/latex/amsfonts/amsfonts.sty
Package: amsfonts 2013/01/14 v3.01 Basic AMSFonts support
\symAMSa=\mathgroup4
\symAMSb=\mathgroup5
LaTeX Font Info:    Overwriting math alphabet `\mathfrak' in version `bold'
(Font)                  U/euf/m/n --> U/euf/b/n on input line 106.
)) (/usr/local/texlive/2015/texmf-dist/tex/latex/bezos/accents.sty
Package: accents 2006/05/12 v1.3 Math Accent Tools
\cc@skew=\dimen113
\cc@wd=\dimen114
\cc@code=\count100
\cc@group=\count101
\cc@skewchar=\count102
) (/usr/local/texlive/2015/texmf-dist/tex/latex/graphics/epsfig.sty
Package: epsfig 1999/02/16 v1.7a (e)psfig emulation (SPQR)
(/usr/local/texlive/2015/texmf-dist/tex/latex/graphics/graphicx.sty
Package: graphicx 2014/10/28 v1.0g Enhanced LaTeX Graphics (DPC,SPQR)
(/usr/local/texlive/2015/texmf-dist/tex/latex/graphics/keyval.sty
Package: keyval 2014/10/28 v1.15 key=value parser (DPC)
\KV@toks@=\toks19
) (/usr/local/texlive/2015/texmf-dist/tex/latex/graphics/graphics.sty
Package: graphics 2014/10/28 v1.0p Standard LaTeX Graphics (DPC,SPQR)
(/usr/local/texlive/2015/texmf-dist/tex/latex/graphics/trig.sty
Package: trig 1999/03/16 v1.09 sin cos tan (DPC)
) (/usr/local/texlive/2015/texmf-dist/tex/latex/latexconfig/graphics.cfg
File: graphics.cfg 2010/04/23 v1.9 graphics configuration of TeX Live
)
Package graphics Info: Driver file: pdftex.def on input line 94.
(/usr/local/texlive/2015/texmf-dist/tex/latex/pdftex-def/pdftex.def
File: pdftex.def 2011/05/27 v0.06d Graphics/color for pdfTeX
(/usr/local/texlive/2015/texmf-dist/tex/generic/oberdiek/infwarerr.sty
Package: infwarerr 2010/04/08 v1.3 Providing info/warning/error messages (HO)
) (/usr/local/texlive/2015/texmf-dist/tex/generic/oberdiek/ltxcmds.sty
Package: ltxcmds 2011/11/09 v1.22 LaTeX kernel commands for general use (HO)
)
\Gread@gobject=\count103
))
\Gin@req@height=\dimen115
\Gin@req@width=\dimen116
)
\epsfxsize=\dimen117
\epsfysize=\dimen118
) (/usr/local/texlive/2015/texmf-dist/tex/latex/subfigure/subfigure.sty
Package: subfigure 2002/03/15 v2.1.5 subfigure package
\subfigtopskip=\skip46
\subfigcapskip=\skip47
\subfigcaptopadj=\dimen119
\subfigbottomskip=\skip48
\subfigcapmargin=\dimen120
\subfiglabelskip=\skip49
\c@subfigure=\count104
\c@lofdepth=\count105
\c@subtable=\count106
\c@lotdepth=\count107
****************************************
* Local config file subfigure.cfg used *
****************************************
(/usr/local/texlive/2015/texmf-dist/tex/latex/subfigure/subfigure.cfg)
\subfig@top=\skip50
\subfig@bottom=\skip51
) (/usr/local/texlive/2015/texmf-dist/tex/latex/units/units.sty
Package: units 1998/08/04 v0.9b Typesetting units
(/usr/local/texlive/2015/texmf-dist/tex/latex/base/ifthen.sty
Package: ifthen 2014/09/29 v1.1c Standard LaTeX ifthen package (DPC)
) (/usr/local/texlive/2015/texmf-dist/tex/latex/units/nicefrac.sty
Package: nicefrac 1998/08/04 v0.9b Nice fractions
\L@UnitsRaiseDisplaystyle=\skip52
\L@UnitsRaiseTextstyle=\skip53
\L@UnitsRaiseScriptstyle=\skip54
)) (/usr/local/texlive/2015/texmf-dist/tex/latex/lineno/lineno.sty
Package: lineno 2005/11/02 line numbers on paragraphs v4.41
\linenopenalty=\count108
\output=\toks20
\linenoprevgraf=\count109
\linenumbersep=\dimen121
\linenumberwidth=\dimen122
\c@linenumber=\count110
\c@pagewiselinenumber=\count111
\c@LN@truepage=\count112

Package lineno Warning: Option [displaymath] is obsolete -- default now!.

\c@internallinenumber=\count113
\c@internallinenumbers=\count114
\quotelinenumbersep=\dimen123
\bframerule=\dimen124
\bframesep=\dimen125
\bframebox=\box28
LaTeX Info: Redefining \\ on input line 3056.
) (/usr/local/texlive/2015/texmf-dist/tex/latex/tools/xspace.sty
Package: xspace 2014/10/28 v1.13 Space after command names (DPC,MH)
) (/usr/local/texlive/2015/texmf-dist/tex/latex/graphics/color.sty
Package: color 2014/10/28 v1.1a Standard LaTeX Color (DPC)
(/usr/local/texlive/2015/texmf-dist/tex/latex/latexconfig/color.cfg
File: color.cfg 2007/01/18 v1.5 color configuration of teTeX/TeXLive
)
Package color Info: Driver file: pdftex.def on input line 142.
) (/usr/local/texlive/2015/texmf-dist/tex/latex/eepic/epic.sty
Enhancements to Picture Environment. Version 1.2 - Released June 1, 1986
\@@multicnt=\count115
\d@lta=\count116
\@delta=\dimen126
\@@delta=\dimen127
\@gridcnt=\count117
\@joinkind=\count118
\@dotgap=\dimen128
\@ddotgap=\dimen129
\@x@diff=\count119
\@y@diff=\count120
\x@diff=\dimen130
\y@diff=\dimen131
\@dotbox=\box29
\num@segments=\count121
\num@segmentsi=\count122
\@datafile=\read1
) (/usr/local/texlive/2015/texmf-dist/tex/latex/eepic/eepic.sty
Extension to Epic and LaTeX. Version 1.1e - Released Dec 21, 1999
\@gphlinewidth=\count123
\@eepictcnt=\count124
\@tempdimc=\dimen132
\maxovaldiam=\dimen133
\@filltype=\box30
) (/usr/local/texlive/2015/texmf-dist/tex/latex/pstricks/pstricks.sty
Package: pstricks 2013/12/12 v0.60 LaTeX wrapper for `PSTricks' (RN,HV)
(/usr/local/texlive/2015/texmf-dist/tex/generic/oberdiek/ifpdf.sty
Package: ifpdf 2011/01/30 v2.3 Provides the ifpdf switch (HO)
Package ifpdf Info: pdfTeX in PDF mode is detected.
) (/usr/local/texlive/2015/texmf-dist/tex/generic/pstricks/pstricks.tex (/usr/l
ocal/texlive/2015/texmf-dist/tex/generic/xkeyval/pst-xkey.tex
File: pst-xkey.tex 2005/11/25 v1.6 PSTricks specialization of xkeyval (HA)
(/usr/local/texlive/2015/texmf-dist/tex/latex/xkeyval/xkeyval.sty
Package: xkeyval 2014/12/03 v2.7a package option processing (HA)
(/usr/local/texlive/2015/texmf-dist/tex/generic/xkeyval/xkeyval.tex (/usr/local
/texlive/2015/texmf-dist/tex/generic/xkeyval/xkvutils.tex
\XKV@toks=\toks21
\XKV@tempa@toks=\toks22
)
\XKV@depth=\count125
File: xkeyval.tex 2014/12/03 v2.7a key=value parser (HA)
))) (/usr/local/texlive/2015/texmf-dist/tex/generic/pstricks/pst-fp.tex `pst-fp
' v0.05, 2010/01/17 (hv)
\pstFP@xs=\count126
\pstFP@xia=\count127
\pstFP@xib=\count128
\pstFP@xfa=\count129
\pstFP@xfb=\count130
\pstFP@rega=\count131
\pstFP@regb=\count132
\pstFP@regs=\count133
\pstFP@times=\count134
)
(/usr/local/texlive/2015/texmf-dist/tex/generic/pgf/utilities/pgfutil-common.te
x
\pgfutil@everybye=\toks23
\pgfutil@tempdima=\dimen134
\pgfutil@tempdimb=\dimen135

(/usr/local/texlive/2015/texmf-dist/tex/generic/pgf/utilities/pgfutil-common-li
sts.tex)) (/usr/local/texlive/2015/texmf-dist/tex/generic/pgf/utilities/pgfkeys
.code.tex
\pgfkeys@pathtoks=\toks24
\pgfkeys@temptoks=\toks25

(/usr/local/texlive/2015/texmf-dist/tex/generic/pgf/utilities/pgfkeysfiltered.c
ode.tex
\pgfkeys@tmptoks=\toks26
)) (/usr/local/texlive/2015/texmf-dist/tex/generic/pgf/utilities/pgffor.code.te
x (/usr/local/texlive/2015/texmf-dist/tex/generic/pgf/math/pgfmath.code.tex (/u
sr/local/texlive/2015/texmf-dist/tex/generic/pgf/math/pgfmathcalc.code.tex (/us
r/local/texlive/2015/texmf-dist/tex/generic/pgf/math/pgfmathutil.code.tex
\pgf@x=\dimen136
\pgf@xa=\dimen137
\pgf@xb=\dimen138
\pgf@xc=\dimen139
\pgf@y=\dimen140
\pgf@ya=\dimen141
\pgf@yb=\dimen142
\pgf@yc=\dimen143
\c@pgf@counta=\count135
\c@pgf@countb=\count136
\c@pgf@countc=\count137
\c@pgf@countd=\count138
\pgfutil@tempcnta=\count139
\pgfutil@tempcntb=\count140
)
(/usr/local/texlive/2015/texmf-dist/tex/generic/pgf/math/pgfmathparser.code.tex
\pgfmath@dimen=\dimen144
\pgfmath@count=\count141
\pgfmath@box=\box31
\pgfmath@toks=\toks27
\pgfmath@stack@operand=\toks28
\pgfmath@stack@operation=\toks29
)
(/usr/local/texlive/2015/texmf-dist/tex/generic/pgf/math/pgfmathfunctions.code.
tex
(/usr/local/texlive/2015/texmf-dist/tex/generic/pgf/math/pgfmathfunctions.basic
.code.tex)
(/usr/local/texlive/2015/texmf-dist/tex/generic/pgf/math/pgfmathfunctions.trigo
nometric.code.tex)
(/usr/local/texlive/2015/texmf-dist/tex/generic/pgf/math/pgfmathfunctions.rando
m.code.tex)
(/usr/local/texlive/2015/texmf-dist/tex/generic/pgf/math/pgfmathfunctions.compa
rison.code.tex)
(/usr/local/texlive/2015/texmf-dist/tex/generic/pgf/math/pgfmathfunctions.base.
code.tex)
(/usr/local/texlive/2015/texmf-dist/tex/generic/pgf/math/pgfmathfunctions.round
.code.tex)
(/usr/local/texlive/2015/texmf-dist/tex/generic/pgf/math/pgfmathfunctions.misc.
code.tex)
(/usr/local/texlive/2015/texmf-dist/tex/generic/pgf/math/pgfmathfunctions.integ
erarithmetics.code.tex))) (/usr/local/texlive/2015/texmf-dist/tex/generic/pgf/m
ath/pgfmathfloat.code.tex
\c@pgfmathroundto@lastzeros=\count142
))
\pgffor@iter=\dimen145
\pgffor@skip=\dimen146
\pgffor@stack=\toks30
\pgffor@toks=\toks31
)
\psLoopIndex=\count143
`PSTricks' v2.60  <2014/10/25> (tvz)
\pst@dima=\dimen147
\pst@dimb=\dimen148
\pst@dimc=\dimen149
\pst@dimd=\dimen150
\pst@dimg=\dimen151
\pst@dimh=\dimen152
\pst@dimm=\dimen153
\pst@dimn=\dimen154
\pst@dimo=\dimen155
\pst@dimp=\dimen156
\pst@hbox=\box32
\pst@ibox=\box33
\pst@boxg=\box34
\pst@cnta=\count144
\pst@cntb=\count145
\pst@cntc=\count146
\pst@cntd=\count147
\pst@cntg=\count148
\pst@cnth=\count149
\pst@cntm=\count150
\pst@cntn=\count151
\pst@cnto=\count152
\pst@cntp=\count153
\@zero=\count154
\pst@toks=\toks32
(/usr/local/texlive/2015/texmf-dist/tex/generic/pstricks/pstricks.con)
\psunit=\dimen157
\psxunit=\dimen158
\psyunit=\dimen159
\pst@C@@rType=\count155
\pslinewidth=\dimen160
\psk@startLW=\dimen161
\psk@endLW=\dimen162
\pst@customdefs=\toks33
\pslinearc=\dimen163
\pst@symbolStep=\dimen164
\pst@symbolWidth=\dimen165
\pst@symbolLinewidth=\dimen166
\everypsbox=\toks34
\psframesep=\dimen167
\pslabelsep=\dimen168
\sh@wgridXunit=\dimen169
\sh@wgridYunit=\dimen170
\pst@shift=\dimen171
)
File: pstricks.tex 2014/10/25 v2.60 `PSTricks' (tvz,hv)
(/usr/local/texlive/2015/texmf-dist/tex/generic/pstricks/pst-fp.tex)
File: pst-fp.tex 2014/10/25 v2.60 `PST-fp' (hv)
(/usr/local/texlive/2015/texmf-dist/tex/latex/xcolor/xcolor.sty
Package: xcolor 2007/01/21 v2.11 LaTeX color extensions (UK)
(/usr/local/texlive/2015/texmf-dist/tex/latex/latexconfig/color.cfg
File: color.cfg 2007/01/18 v1.5 color configuration of teTeX/TeXLive
)
Package xcolor Info: Driver file: pdftex.def on input line 225.
LaTeX Info: Redefining \color on input line 702.
Package xcolor Info: Model `cmy' substituted by `cmy0' on input line 1337.
Package xcolor Info: Model `hsb' substituted by `rgb' on input line 1341.
Package xcolor Info: Model `RGB' extended on input line 1353.
Package xcolor Info: Model `HTML' substituted by `rgb' on input line 1355.
Package xcolor Info: Model `Hsb' substituted by `hsb' on input line 1356.
Package xcolor Info: Model `tHsb' substituted by `hsb' on input line 1357.
Package xcolor Info: Model `HSB' substituted by `hsb' on input line 1358.
Package xcolor Info: Model `Gray' substituted by `gray' on input line 1359.
Package xcolor Info: Model `wave' substituted by `hsb' on input line 1360.
)) (/usr/local/texlive/2015/texmf-dist/tex/latex/acronym/acronym.sty
Package: acronym 2015/03/21 v1.41 Support for acronyms (Tobias Oetiker)
(/usr/local/texlive/2015/texmf-dist/tex/latex/bigfoot/suffix.sty
Package: suffix 2006/07/15 1.5a Variant command support
) (/usr/local/texlive/2015/texmf-dist/tex/generic/xstring/xstring.sty (/usr/loc
al/texlive/2015/texmf-dist/tex/generic/xstring/xstring.tex
\@xs@message=\write3
\integerpart=\count156
\decimalpart=\count157
)
Package: xstring 2013/10/13  v1.7c  String manipulations (C Tellechea)
)
\AC@clearlist=\toks35
) (/usr/local/texlive/2015/texmf-dist/tex/latex/wrapfig/wrapfig.sty
\wrapoverhang=\dimen172
\WF@size=\dimen173
\c@WF@wrappedlines=\count158
\WF@box=\box35
\WF@everypar=\toks36
Package: wrapfig 2003/01/31  v 3.6
) (/usr/local/texlive/2015/texmf-dist/tex/latex/tools/multicol.sty
Package: multicol 2015/03/31 v1.8m multicolumn formatting (FMi)
\c@tracingmulticols=\count159
\mult@box=\box36
\multicol@leftmargin=\dimen174
\c@unbalance=\count160
\c@collectmore=\count161
\doublecol@number=\count162
\multicoltolerance=\count163
\multicolpretolerance=\count164
\full@width=\dimen175
\page@free=\dimen176
\premulticols=\dimen177
\postmulticols=\dimen178
\multicolsep=\skip55
\multicolbaselineskip=\skip56
\partial@page=\box37
\last@line=\box38
\maxbalancingoverflow=\dimen179
\mult@rightbox=\box39
\mult@grightbox=\box40
\mult@gfirstbox=\box41
\mult@firstbox=\box42
\@tempa=\box43
\@tempa=\box44
\@tempa=\box45
\@tempa=\box46
\@tempa=\box47
\@tempa=\box48
\@tempa=\box49
\@tempa=\box50
\@tempa=\box51
\@tempa=\box52
\@tempa=\box53
\@tempa=\box54
\@tempa=\box55
\@tempa=\box56
\@tempa=\box57
\@tempa=\box58
\@tempa=\box59
\c@columnbadness=\count165
\c@finalcolumnbadness=\count166
\last@try=\dimen180
\multicolovershoot=\dimen181
\multicolundershoot=\dimen182
\mult@nat@firstbox=\box60
\colbreak@box=\box61
\mc@col@check@num=\count167
) (./deluxetable.sty
Package: deluxetable 
\pt@box=\box62
\pt@width=\dimen183
\pt@line=\count168
\pt@column=\count169
\pt@nlines=\count170
\pt@ncol=\count171
\pt@page=\count172
\pt@tmpcapwidth=\dimen184
) (/usr/local/texlive/2015/texmf-dist/tex/latex/todonotes/todonotes.sty
Package: todonotes 2012/07/25 .dtx Todonotes source and documentation.
Package: todonotes 2012/07/25
(/usr/local/texlive/2015/texmf-dist/tex/latex/pgf/frontendlayer/tikz.sty (/usr/
local/texlive/2015/texmf-dist/tex/latex/pgf/basiclayer/pgf.sty (/usr/local/texl
ive/2015/texmf-dist/tex/latex/pgf/utilities/pgfrcs.sty
(/usr/local/texlive/2015/texmf-dist/tex/generic/pgf/utilities/pgfutil-common.te
x
\pgfutil@everybye=\toks37
\pgfutil@tempdima=\dimen185
\pgfutil@tempdimb=\dimen186

(/usr/local/texlive/2015/texmf-dist/tex/generic/pgf/utilities/pgfutil-common-li
sts.tex))
(/usr/local/texlive/2015/texmf-dist/tex/generic/pgf/utilities/pgfutil-latex.def
\pgfutil@abb=\box63
(/usr/local/texlive/2015/texmf-dist/tex/latex/ms/everyshi.sty
Package: everyshi 2001/05/15 v3.00 EveryShipout Package (MS)
)) (/usr/local/texlive/2015/texmf-dist/tex/generic/pgf/utilities/pgfrcs.code.te
x
Package: pgfrcs 2013/12/20 v3.0.0 (rcs-revision 1.28)
))
Package: pgf 2013/12/18 v3.0.0 (rcs-revision 1.14)
(/usr/local/texlive/2015/texmf-dist/tex/latex/pgf/basiclayer/pgfcore.sty (/usr/
local/texlive/2015/texmf-dist/tex/latex/pgf/systemlayer/pgfsys.sty
(/usr/local/texlive/2015/texmf-dist/tex/generic/pgf/systemlayer/pgfsys.code.tex
Package: pgfsys 2013/11/30 v3.0.0 (rcs-revision 1.47)
(/usr/local/texlive/2015/texmf-dist/tex/generic/pgf/utilities/pgfkeys.code.tex)
\pgf@x=\dimen187
\pgf@y=\dimen188
\pgf@xa=\dimen189
\pgf@ya=\dimen190
\pgf@xb=\dimen191
\pgf@yb=\dimen192
\pgf@xc=\dimen193
\pgf@yc=\dimen194
\w@pgf@writea=\write4
\r@pgf@reada=\read2
\c@pgf@counta=\count173
\c@pgf@countb=\count174
\c@pgf@countc=\count175
\c@pgf@countd=\count176
\t@pgf@toka=\toks38
\t@pgf@tokb=\toks39
\t@pgf@tokc=\toks40
(/usr/local/texlive/2015/texmf-dist/tex/generic/pgf/systemlayer/pgf.cfg
File: pgf.cfg 2008/05/14  (rcs-revision 1.7)
)
Driver file for pgf: pgfsys-pdftex.def

(/usr/local/texlive/2015/texmf-dist/tex/generic/pgf/systemlayer/pgfsys-pdftex.d
ef
File: pgfsys-pdftex.def 2013/07/18  (rcs-revision 1.33)

(/usr/local/texlive/2015/texmf-dist/tex/generic/pgf/systemlayer/pgfsys-common-p
df.def
File: pgfsys-common-pdf.def 2013/10/10  (rcs-revision 1.13)
)))
(/usr/local/texlive/2015/texmf-dist/tex/generic/pgf/systemlayer/pgfsyssoftpath.
code.tex
File: pgfsyssoftpath.code.tex 2013/09/09  (rcs-revision 1.9)
\pgfsyssoftpath@smallbuffer@items=\count177
\pgfsyssoftpath@bigbuffer@items=\count178
)
(/usr/local/texlive/2015/texmf-dist/tex/generic/pgf/systemlayer/pgfsysprotocol.
code.tex
File: pgfsysprotocol.code.tex 2006/10/16  (rcs-revision 1.4)
))
(/usr/local/texlive/2015/texmf-dist/tex/generic/pgf/basiclayer/pgfcore.code.tex
Package: pgfcore 2010/04/11 v3.0.0 (rcs-revision 1.7)
(/usr/local/texlive/2015/texmf-dist/tex/generic/pgf/math/pgfmath.code.tex)
(/usr/local/texlive/2015/texmf-dist/tex/generic/pgf/basiclayer/pgfcorepoints.co
de.tex
File: pgfcorepoints.code.tex 2013/10/07  (rcs-revision 1.27)
\pgf@picminx=\dimen195
\pgf@picmaxx=\dimen196
\pgf@picminy=\dimen197
\pgf@picmaxy=\dimen198
\pgf@pathminx=\dimen199
\pgf@pathmaxx=\dimen200
\pgf@pathminy=\dimen201
\pgf@pathmaxy=\dimen202
\pgf@xx=\dimen203
\pgf@xy=\dimen204
\pgf@yx=\dimen205
\pgf@yy=\dimen206
\pgf@zx=\dimen207
\pgf@zy=\dimen208
)
(/usr/local/texlive/2015/texmf-dist/tex/generic/pgf/basiclayer/pgfcorepathconst
ruct.code.tex
File: pgfcorepathconstruct.code.tex 2013/10/07  (rcs-revision 1.29)
\pgf@path@lastx=\dimen209
\pgf@path@lasty=\dimen210
)
(/usr/local/texlive/2015/texmf-dist/tex/generic/pgf/basiclayer/pgfcorepathusage
.code.tex
File: pgfcorepathusage.code.tex 2013/12/13  (rcs-revision 1.23)
\pgf@shorten@end@additional=\dimen211
\pgf@shorten@start@additional=\dimen212
)
(/usr/local/texlive/2015/texmf-dist/tex/generic/pgf/basiclayer/pgfcorescopes.co
de.tex
File: pgfcorescopes.code.tex 2013/10/09  (rcs-revision 1.44)
\pgfpic=\box64
\pgf@hbox=\box65
\pgf@layerbox@main=\box66
\pgf@picture@serial@count=\count179
)
(/usr/local/texlive/2015/texmf-dist/tex/generic/pgf/basiclayer/pgfcoregraphicst
ate.code.tex
File: pgfcoregraphicstate.code.tex 2013/09/19  (rcs-revision 1.11)
\pgflinewidth=\dimen213
)
(/usr/local/texlive/2015/texmf-dist/tex/generic/pgf/basiclayer/pgfcoretransform
ations.code.tex
File: pgfcoretransformations.code.tex 2013/10/10  (rcs-revision 1.17)
\pgf@pt@x=\dimen214
\pgf@pt@y=\dimen215
\pgf@pt@temp=\dimen216
)
(/usr/local/texlive/2015/texmf-dist/tex/generic/pgf/basiclayer/pgfcorequick.cod
e.tex
File: pgfcorequick.code.tex 2008/10/09  (rcs-revision 1.3)
)
(/usr/local/texlive/2015/texmf-dist/tex/generic/pgf/basiclayer/pgfcoreobjects.c
ode.tex
File: pgfcoreobjects.code.tex 2006/10/11  (rcs-revision 1.2)
)
(/usr/local/texlive/2015/texmf-dist/tex/generic/pgf/basiclayer/pgfcorepathproce
ssing.code.tex
File: pgfcorepathprocessing.code.tex 2013/09/09  (rcs-revision 1.9)
)
(/usr/local/texlive/2015/texmf-dist/tex/generic/pgf/basiclayer/pgfcorearrows.co
de.tex
File: pgfcorearrows.code.tex 2013/11/07  (rcs-revision 1.40)
\pgfarrowsep=\dimen217
)
(/usr/local/texlive/2015/texmf-dist/tex/generic/pgf/basiclayer/pgfcoreshade.cod
e.tex
File: pgfcoreshade.code.tex 2013/07/15  (rcs-revision 1.15)
\pgf@max=\dimen218
\pgf@sys@shading@range@num=\count180
)
(/usr/local/texlive/2015/texmf-dist/tex/generic/pgf/basiclayer/pgfcoreimage.cod
e.tex
File: pgfcoreimage.code.tex 2013/07/15  (rcs-revision 1.18)

(/usr/local/texlive/2015/texmf-dist/tex/generic/pgf/basiclayer/pgfcoreexternal.
code.tex
File: pgfcoreexternal.code.tex 2013/07/15  (rcs-revision 1.20)
\pgfexternal@startupbox=\box67
))
(/usr/local/texlive/2015/texmf-dist/tex/generic/pgf/basiclayer/pgfcorelayers.co
de.tex
File: pgfcorelayers.code.tex 2013/07/18  (rcs-revision 1.7)
)
(/usr/local/texlive/2015/texmf-dist/tex/generic/pgf/basiclayer/pgfcoretranspare
ncy.code.tex
File: pgfcoretransparency.code.tex 2013/09/30  (rcs-revision 1.5)
)
(/usr/local/texlive/2015/texmf-dist/tex/generic/pgf/basiclayer/pgfcorepatterns.
code.tex
File: pgfcorepatterns.code.tex 2013/11/07  (rcs-revision 1.5)
)))
(/usr/local/texlive/2015/texmf-dist/tex/generic/pgf/modules/pgfmoduleshapes.cod
e.tex
File: pgfmoduleshapes.code.tex 2013/10/31  (rcs-revision 1.34)
\pgfnodeparttextbox=\box68
)
(/usr/local/texlive/2015/texmf-dist/tex/generic/pgf/modules/pgfmoduleplot.code.
tex
File: pgfmoduleplot.code.tex 2013/07/31  (rcs-revision 1.12)
)
(/usr/local/texlive/2015/texmf-dist/tex/latex/pgf/compatibility/pgfcomp-version
-0-65.sty
Package: pgfcomp-version-0-65 2007/07/03 v3.0.0 (rcs-revision 1.7)
\pgf@nodesepstart=\dimen219
\pgf@nodesepend=\dimen220
)
(/usr/local/texlive/2015/texmf-dist/tex/latex/pgf/compatibility/pgfcomp-version
-1-18.sty
Package: pgfcomp-version-1-18 2007/07/23 v3.0.0 (rcs-revision 1.1)
)) (/usr/local/texlive/2015/texmf-dist/tex/latex/pgf/utilities/pgffor.sty (/usr
/local/texlive/2015/texmf-dist/tex/latex/pgf/utilities/pgfkeys.sty (/usr/local/
texlive/2015/texmf-dist/tex/generic/pgf/utilities/pgfkeys.code.tex)) (/usr/loca
l/texlive/2015/texmf-dist/tex/latex/pgf/math/pgfmath.sty (/usr/local/texlive/20
15/texmf-dist/tex/generic/pgf/math/pgfmath.code.tex)) (/usr/local/texlive/2015/
texmf-dist/tex/generic/pgf/utilities/pgffor.code.tex
Package: pgffor 2013/12/13 v3.0.0 (rcs-revision 1.25)
(/usr/local/texlive/2015/texmf-dist/tex/generic/pgf/math/pgfmath.code.tex)
\pgffor@iter=\dimen221
\pgffor@skip=\dimen222
\pgffor@stack=\toks41
\pgffor@toks=\toks42
))
(/usr/local/texlive/2015/texmf-dist/tex/generic/pgf/frontendlayer/tikz/tikz.cod
e.tex
Package: tikz 2013/12/13 v3.0.0 (rcs-revision 1.142)

(/usr/local/texlive/2015/texmf-dist/tex/generic/pgf/libraries/pgflibraryplothan
dlers.code.tex
File: pgflibraryplothandlers.code.tex 2013/08/31 v3.0.0 (rcs-revision 1.20)
\pgf@plot@mark@count=\count181
\pgfplotmarksize=\dimen223
)
\tikz@lastx=\dimen224
\tikz@lasty=\dimen225
\tikz@lastxsaved=\dimen226
\tikz@lastysaved=\dimen227
\tikzleveldistance=\dimen228
\tikzsiblingdistance=\dimen229
\tikz@figbox=\box69
\tikz@figbox@bg=\box70
\tikz@tempbox=\box71
\tikz@tempbox@bg=\box72
\tikztreelevel=\count182
\tikznumberofchildren=\count183
\tikznumberofcurrentchild=\count184
\tikz@fig@count=\count185

(/usr/local/texlive/2015/texmf-dist/tex/generic/pgf/modules/pgfmodulematrix.cod
e.tex
File: pgfmodulematrix.code.tex 2013/09/17  (rcs-revision 1.8)
\pgfmatrixcurrentrow=\count186
\pgfmatrixcurrentcolumn=\count187
\pgf@matrix@numberofcolumns=\count188
)
\tikz@expandcount=\count189

(/usr/local/texlive/2015/texmf-dist/tex/generic/pgf/frontendlayer/tikz/librarie
s/tikzlibrarytopaths.code.tex
File: tikzlibrarytopaths.code.tex 2008/06/17 v3.0.0 (rcs-revision 1.2)
)))
(/usr/local/texlive/2015/texmf-dist/tex/generic/pgf/frontendlayer/tikz/librarie
s/tikzlibrarypositioning.code.tex
File: tikzlibrarypositioning.code.tex 2008/10/06 v3.0.0 (rcs-revision 1.7)
) (/usr/local/texlive/2015/texmf-dist/tex/latex/tools/calc.sty
Package: calc 2014/10/28 v4.3 Infix arithmetic (KKT,FJ)
\calc@Acount=\count190
\calc@Bcount=\count191
\calc@Adimen=\dimen230
\calc@Bdimen=\dimen231
\calc@Askip=\skip57
\calc@Bskip=\skip58
LaTeX Info: Redefining \setlength on input line 80.
LaTeX Info: Redefining \addtolength on input line 81.
\calc@Ccount=\count192
\calc@Cskip=\skip59
)
\c@@todonotes@numberoftodonotes=\count193
) (/usr/local/texlive/2015/texmf-dist/tex/latex/hyperref/hyperref.sty
Package: hyperref 2012/11/06 v6.83m Hypertext links for LaTeX
(/usr/local/texlive/2015/texmf-dist/tex/generic/oberdiek/hobsub-hyperref.sty
Package: hobsub-hyperref 2012/05/28 v1.13 Bundle oberdiek, subset hyperref (HO)

(/usr/local/texlive/2015/texmf-dist/tex/generic/oberdiek/hobsub-generic.sty
Package: hobsub-generic 2012/05/28 v1.13 Bundle oberdiek, subset generic (HO)
Package: hobsub 2012/05/28 v1.13 Construct package bundles (HO)
Package hobsub Info: Skipping package `infwarerr' (already loaded).
Package hobsub Info: Skipping package `ltxcmds' (already loaded).
Package: ifluatex 2010/03/01 v1.3 Provides the ifluatex switch (HO)
Package ifluatex Info: LuaTeX not detected.
Package: ifvtex 2010/03/01 v1.5 Detect VTeX and its facilities (HO)
Package ifvtex Info: VTeX not detected.
Package: intcalc 2007/09/27 v1.1 Expandable calculations with integers (HO)
Package hobsub Info: Skipping package `ifpdf' (already loaded).
Package: etexcmds 2011/02/16 v1.5 Avoid name clashes with e-TeX commands (HO)
Package etexcmds Info: Could not find \expanded.
(etexcmds)             That can mean that you are not using pdfTeX 1.50 or
(etexcmds)             that some package has redefined \expanded.
(etexcmds)             In the latter case, load this package earlier.
Package: kvsetkeys 2012/04/25 v1.16 Key value parser (HO)
Package: kvdefinekeys 2011/04/07 v1.3 Define keys (HO)
Package: pdftexcmds 2011/11/29 v0.20 Utility functions of pdfTeX for LuaTeX (HO
)
Package pdftexcmds Info: LuaTeX not detected.
Package pdftexcmds Info: \pdf@primitive is available.
Package pdftexcmds Info: \pdf@ifprimitive is available.
Package pdftexcmds Info: \pdfdraftmode found.
Package: pdfescape 2011/11/25 v1.13 Implements pdfTeX's escape features (HO)
Package: bigintcalc 2012/04/08 v1.3 Expandable calculations on big integers (HO
)
Package: bitset 2011/01/30 v1.1 Handle bit-vector datatype (HO)
Package: uniquecounter 2011/01/30 v1.2 Provide unlimited unique counter (HO)
)
Package hobsub Info: Skipping package `hobsub' (already loaded).
Package: letltxmacro 2010/09/02 v1.4 Let assignment for LaTeX macros (HO)
Package: hopatch 2012/05/28 v1.2 Wrapper for package hooks (HO)
Package: xcolor-patch 2011/01/30 xcolor patch
Package: atveryend 2011/06/30 v1.8 Hooks at the very end of document (HO)
Package atveryend Info: \enddocument detected (standard20110627).
Package: atbegshi 2011/10/05 v1.16 At begin shipout hook (HO)
Package: refcount 2011/10/16 v3.4 Data extraction from label references (HO)
Package: hycolor 2011/01/30 v1.7 Color options for hyperref/bookmark (HO)
) (/usr/local/texlive/2015/texmf-dist/tex/generic/ifxetex/ifxetex.sty
Package: ifxetex 2010/09/12 v0.6 Provides ifxetex conditional
) (/usr/local/texlive/2015/texmf-dist/tex/latex/oberdiek/auxhook.sty
Package: auxhook 2011/03/04 v1.3 Hooks for auxiliary files (HO)
) (/usr/local/texlive/2015/texmf-dist/tex/latex/oberdiek/kvoptions.sty
Package: kvoptions 2011/06/30 v3.11 Key value format for package options (HO)
)
\@linkdim=\dimen232
\Hy@linkcounter=\count194
\Hy@pagecounter=\count195
(/usr/local/texlive/2015/texmf-dist/tex/latex/hyperref/pd1enc.def
File: pd1enc.def 2012/11/06 v6.83m Hyperref: PDFDocEncoding definition (HO)
)
\Hy@SavedSpaceFactor=\count196
(/usr/local/texlive/2015/texmf-dist/tex/latex/latexconfig/hyperref.cfg
File: hyperref.cfg 2002/06/06 v1.2 hyperref configuration of TeXLive
)
Package hyperref Info: Option `final' set `true' on input line 4319.
Package hyperref Info: Hyper figures OFF on input line 4443.
Package hyperref Info: Link nesting OFF on input line 4448.
Package hyperref Info: Hyper index ON on input line 4451.
Package hyperref Info: Plain pages OFF on input line 4458.
Package hyperref Info: Backreferencing OFF on input line 4463.
Package hyperref Info: Implicit mode ON; LaTeX internals redefined.
Package hyperref Info: Bookmarks ON on input line 4688.
\c@Hy@tempcnt=\count197
(/usr/local/texlive/2015/texmf-dist/tex/latex/url/url.sty
\Urlmuskip=\muskip11
Package: url 2013/09/16  ver 3.4  Verb mode for urls, etc.
)
LaTeX Info: Redefining \url on input line 5041.
\XeTeXLinkMargin=\dimen233
\Fld@menulength=\count198
\Field@Width=\dimen256
\Fld@charsize=\dimen257
Package hyperref Info: Hyper figures OFF on input line 6295.
Package hyperref Info: Link nesting OFF on input line 6300.
Package hyperref Info: Hyper index ON on input line 6303.
Package hyperref Info: backreferencing OFF on input line 6310.
Package hyperref Info: Link coloring OFF on input line 6315.
Package hyperref Info: Link coloring with OCG OFF on input line 6320.
Package hyperref Info: PDF/A mode OFF on input line 6325.
LaTeX Info: Redefining \ref on input line 6365.
LaTeX Info: Redefining \pageref on input line 6369.
\Hy@abspage=\count199
\c@Item=\count200
\c@Hfootnote=\count201
)

Package hyperref Message: Driver (autodetected): hpdftex.

(/usr/local/texlive/2015/texmf-dist/tex/latex/hyperref/hpdftex.def
File: hpdftex.def 2012/11/06 v6.83m Hyperref driver for pdfTeX
\Fld@listcount=\count202
\c@bookmark@seq@number=\count203
(/usr/local/texlive/2015/texmf-dist/tex/latex/oberdiek/rerunfilecheck.sty
Package: rerunfilecheck 2011/04/15 v1.7 Rerun checks for auxiliary files (HO)
Package uniquecounter Info: New unique counter `rerunfilecheck' on input line 2
82.
)
\Hy@SectionHShift=\skip60
) (/usr/local/texlive/2015/texmf-dist/tex/latex/lm/lmodern.sty
Package: lmodern 2009/10/30 v1.6 Latin Modern Fonts
LaTeX Font Info:    Overwriting symbol font `operators' in version `normal'
(Font)                  OT1/cmr/m/n --> OT1/lmr/m/n on input line 22.
LaTeX Font Info:    Overwriting symbol font `letters' in version `normal'
(Font)                  OML/cmm/m/it --> OML/lmm/m/it on input line 23.
LaTeX Font Info:    Overwriting symbol font `symbols' in version `normal'
(Font)                  OMS/cmsy/m/n --> OMS/lmsy/m/n on input line 24.
LaTeX Font Info:    Overwriting symbol font `largesymbols' in version `normal'
(Font)                  OMX/cmex/m/n --> OMX/lmex/m/n on input line 25.
LaTeX Font Info:    Overwriting symbol font `operators' in version `bold'
(Font)                  OT1/cmr/bx/n --> OT1/lmr/bx/n on input line 26.
LaTeX Font Info:    Overwriting symbol font `letters' in version `bold'
(Font)                  OML/cmm/b/it --> OML/lmm/b/it on input line 27.
LaTeX Font Info:    Overwriting symbol font `symbols' in version `bold'
(Font)                  OMS/cmsy/b/n --> OMS/lmsy/b/n on input line 28.
LaTeX Font Info:    Overwriting symbol font `largesymbols' in version `bold'
(Font)                  OMX/cmex/m/n --> OMX/lmex/m/n on input line 29.
LaTeX Font Info:    Overwriting math alphabet `\mathbf' in version `normal'
(Font)                  OT1/cmr/bx/n --> OT1/lmr/bx/n on input line 31.
LaTeX Font Info:    Overwriting math alphabet `\mathsf' in version `normal'
(Font)                  OT1/cmss/m/n --> OT1/lmss/m/n on input line 32.
LaTeX Font Info:    Overwriting math alphabet `\mathit' in version `normal'
(Font)                  OT1/cmr/m/it --> OT1/lmr/m/it on input line 33.
LaTeX Font Info:    Overwriting math alphabet `\mathtt' in version `normal'
(Font)                  OT1/cmtt/m/n --> OT1/lmtt/m/n on input line 34.
LaTeX Font Info:    Overwriting math alphabet `\mathbf' in version `bold'
(Font)                  OT1/cmr/bx/n --> OT1/lmr/bx/n on input line 35.
LaTeX Font Info:    Overwriting math alphabet `\mathsf' in version `bold'
(Font)                  OT1/cmss/bx/n --> OT1/lmss/bx/n on input line 36.
LaTeX Font Info:    Overwriting math alphabet `\mathit' in version `bold'
(Font)                  OT1/cmr/bx/it --> OT1/lmr/bx/it on input line 37.
LaTeX Font Info:    Overwriting math alphabet `\mathtt' in version `bold'
(Font)                  OT1/cmtt/m/n --> OT1/lmtt/m/n on input line 38.
) (/usr/local/texlive/2015/texmf-dist/tex/latex/tools/showkeys.sty
Package: showkeys 2014/10/28 v3.17 Show cite and label keys (DPC, MH)
)
\@input{myabbr.aux}
\openout2 = `myabbr.aux'.

No file myabbr.tex.
(./detsim.aux (./introduction/introduction.aux) (./rfsim/rfsim.aux

LaTeX Warning: Label `fig:spectra' multiply defined.

) (./detsim/detsimulation.aux) (./comparison/comparison.aux

LaTeX Warning: Label `fig:datatrace' multiply defined.


LaTeX Warning: Label `fig:datatrace' multiply defined.

) (./conclusion/conclusion.aux))
\openout1 = `detsim.aux'.

LaTeX Font Info:    Checking defaults for OML/cmm/m/it on input line 57.
LaTeX Font Info:    ... okay on input line 57.
LaTeX Font Info:    Checking defaults for T1/cmr/m/n on input line 57.
LaTeX Font Info:    ... okay on input line 57.
LaTeX Font Info:    Checking defaults for OT1/cmr/m/n on input line 57.
LaTeX Font Info:    ... okay on input line 57.
LaTeX Font Info:    Checking defaults for OMS/cmsy/m/n on input line 57.
LaTeX Font Info:    ... okay on input line 57.
LaTeX Font Info:    Checking defaults for OMX/cmex/m/n on input line 57.
LaTeX Font Info:    ... okay on input line 57.
LaTeX Font Info:    Checking defaults for U/cmr/m/n on input line 57.
LaTeX Font Info:    ... okay on input line 57.
LaTeX Font Info:    Checking defaults for PD1/pdf/m/n on input line 57.
LaTeX Font Info:    ... okay on input line 57.
LaTeX Font Info:    Try loading font information for OT1+lmr on input line 57.
(/usr/local/texlive/2015/texmf-dist/tex/latex/lm/ot1lmr.fd
File: ot1lmr.fd 2009/10/30 v1.6 Font defs for Latin Modern
) (/usr/local/texlive/2015/texmf-dist/tex/context/base/supp-pdf.mkii
[Loading MPS to PDF converter (version 2006.09.02).]
\scratchcounter=\count204
\scratchdimen=\dimen258
\scratchbox=\box73
\nofMPsegments=\count205
\nofMParguments=\count206
\everyMPshowfont=\toks43
\MPscratchCnt=\count207
\MPscratchDim=\dimen259
\MPnumerator=\count208
\makeMPintoPDFobject=\count209
\everyMPtoPDFconversion=\toks44
) (/usr/local/texlive/2015/texmf-dist/tex/latex/oberdiek/epstopdf-base.sty
Package: epstopdf-base 2010/02/09 v2.5 Base part for package epstopdf
(/usr/local/texlive/2015/texmf-dist/tex/latex/oberdiek/grfext.sty
Package: grfext 2010/08/19 v1.1 Manage graphics extensions (HO)
)
Package grfext Info: Graphics extension search list:
(grfext)             [.png,.pdf,.jpg,.mps,.jpeg,.jbig2,.jb2,.PNG,.PDF,.JPG,.JPE
G,.JBIG2,.JB2,.eps]
(grfext)             \AppendGraphicsExtensions on input line 452.
(/usr/local/texlive/2015/texmf-dist/tex/latex/latexconfig/epstopdf-sys.cfg
File: epstopdf-sys.cfg 2010/07/13 v1.3 Configuration of (r)epstopdf for TeX Liv
e
)) ABD: EveryShipout initializing macros
\AtBeginShipoutBox=\box74
Package hyperref Info: Link coloring OFF on input line 57.
(/usr/local/texlive/2015/texmf-dist/tex/latex/hyperref/nameref.sty
Package: nameref 2012/10/27 v2.43 Cross-referencing by name of section
(/usr/local/texlive/2015/texmf-dist/tex/generic/oberdiek/gettitlestring.sty
Package: gettitlestring 2010/12/03 v1.4 Cleanup title references (HO)
)
\c@section@level=\count210
)
LaTeX Info: Redefining \ref on input line 57.
LaTeX Info: Redefining \pageref on input line 57.
LaTeX Info: Redefining \nameref on input line 57.
(./detsim.out) (./detsim.out)
\@outlinefile=\write5
\openout5 = `detsim.out'.

[1
Non-PDF special ignored!
Non-PDF special ignored!
Non-PDF special ignored!
Non-PDF special ignored!

Non-PDF special ignored!
Non-PDF special ignored!
Non-PDF special ignored!


{/usr/local/texlive/2015/texmf-var/fonts/map/pdftex/updmap/pdftex.map}]
\openout2 = `introduction/introduction.aux'.

(./introduction/introduction.tex <plots/blockdiagram.pdf, id=72, 624.3325pt x 1
68.63pt>
File: plots/blockdiagram.pdf Graphic file (type pdf)
<use plots/blockdiagram.pdf>
Package pdftex.def Info: plots/blockdiagram.pdf used on input line 20.
(pdftex.def)             Requested size: 265.59494pt x 71.73755pt.
LaTeX Font Info:    Try loading font information for OML+lmm on input line 37.
(/usr/local/texlive/2015/texmf-dist/tex/latex/lm/omllmm.fd
File: omllmm.fd 2009/10/30 v1.6 Font defs for Latin Modern
)
LaTeX Font Info:    Try loading font information for OMS+lmsy on input line 37.

(/usr/local/texlive/2015/texmf-dist/tex/latex/lm/omslmsy.fd
File: omslmsy.fd 2009/10/30 v1.6 Font defs for Latin Modern
)
LaTeX Font Info:    Try loading font information for OMX+lmex on input line 37.

(/usr/local/texlive/2015/texmf-dist/tex/latex/lm/omxlmex.fd
File: omxlmex.fd 2009/10/30 v1.6 Font defs for Latin Modern
)
LaTeX Font Info:    External font `lmex10' loaded for size
(Font)              <10.95> on input line 37.
LaTeX Font Info:    External font `lmex10' loaded for size
(Font)              <8> on input line 37.
LaTeX Font Info:    External font `lmex10' loaded for size
(Font)              <6> on input line 37.
LaTeX Font Info:    Try loading font information for U+msa on input line 37.
(/usr/local/texlive/2015/texmf-dist/tex/latex/amsfonts/umsa.fd
File: umsa.fd 2013/01/14 v3.01 AMS symbols A
)
LaTeX Font Info:    Try loading font information for U+msb on input line 37.
(/usr/local/texlive/2015/texmf-dist/tex/latex/amsfonts/umsb.fd
File: umsb.fd 2013/01/14 v3.01 AMS symbols B
)) [2

 <./plots/blockdiagram.pdf>]
\openout2 = `rfsim/rfsim.aux'.

(./rfsim/rfsim.tex
LaTeX Font Info:    Try loading font information for OMS+lmr on input line 20.
(/usr/local/texlive/2015/texmf-dist/tex/latex/lm/omslmr.fd
File: omslmr.fd 2009/10/30 v1.6 Font defs for Latin Modern
)
LaTeX Font Info:    Font shape `OMS/lmr/m/n' in size <10.95> not available
(Font)              Font shape `OMS/lmsy/m/n' tried instead on input line 20.
LaTeX Font Info:    Try loading font information for OT1+lmtt on input line 26.

(/usr/local/texlive/2015/texmf-dist/tex/latex/lm/ot1lmtt.fd
File: ot1lmtt.fd 2009/10/30 v1.6 Font defs for Latin Modern
) <plots/noise.png, id=98, 578.16pt x 578.16pt>
File: plots/noise.png Graphic file (type png)
<use plots/noise.png>
Package pdftex.def Info: plots/noise.png used on input line 55.
(pdftex.def)             Requested size: 216.90276pt x 216.89767pt.
<plots/specphasenoise.png, id=100, 578.16pt x 578.16pt>
File: plots/specphasenoise.png Graphic file (type png)
<use plots/specphasenoise.png>
Package pdftex.def Info: plots/specphasenoise.png used on input line 56.
(pdftex.def)             Requested size: 216.90276pt x 216.89767pt.
<plots/ratiodiffBW.png, id=101, 414.54875pt x 285.065pt>
File: plots/ratiodiffBW.png Graphic file (type png)
<use plots/ratiodiffBW.png>
Package pdftex.def Info: plots/ratiodiffBW.png used on input line 67.
(pdftex.def)             Requested size: 216.90276pt x 149.15244pt.
<plots/rationumfilter.png, id=102, 404.51125pt x 285.065pt>
File: plots/rationumfilter.png Graphic file (type png)
<use plots/rationumfilter.png>
Package pdftex.def Info: plots/rationumfilter.png used on input line 68.
(pdftex.def)             Requested size: 216.90276pt x 152.85841pt.
[3


]
Underfull \vbox (badness 2512) has occurred while \output is active []

[4 <./plots/noise.png> <./plots/specphasenoise.png> <./plots/ratiodiffBW.png> <
./plots/rationumfilter.png>] <plots/rationumfilterdiffBW.png, id=136, 404.51125
pt x 277.035pt>
File: plots/rationumfilterdiffBW.png Graphic file (type png)
<use plots/rationumfilterdiffBW.png>
Package pdftex.def Info: plots/rationumfilterdiffBW.png used on input line 105.

(pdftex.def)             Requested size: 216.90276pt x 148.55254pt.
<plots/specnoise.png, id=137, 578.16pt x 433.62pt>
File: plots/specnoise.png Graphic file (type png)
<use plots/specnoise.png>
Package pdftex.def Info: plots/specnoise.png used on input line 106.
(pdftex.def)             Requested size: 216.90276pt x 162.67326pt.
<plots/slidingwindow.png, id=140, 525.965pt x 411.5375pt>
File: plots/slidingwindow.png Graphic file (type png)
<use plots/slidingwindow.png>
Package pdftex.def Info: plots/slidingwindow.png used on input line 123.
(pdftex.def)             Requested size: 265.59494pt x 207.82166pt.
[5 <./plots/rationumfilterdiffBW.png> <./plots/specnoise.png>] <plots/spectra3.
png, id=156, 578.16pt x 433.62pt>
File: plots/spectra3.png Graphic file (type png)
<use plots/spectra3.png>
Package pdftex.def Info: plots/spectra3.png used on input line 175.
(pdftex.def)             Requested size: 265.59494pt x 199.19633pt.
[6 <./plots/slidingwindow.png>] <plots/noisedist.png, id=175, 578.16pt x 433.62
pt>
File: plots/noisedist.png Graphic file (type png)
<use plots/noisedist.png>
Package pdftex.def Info: plots/noisedist.png used on input line 214.
(pdftex.def)             Requested size: 265.59494pt x 199.19633pt.
) [7 <./plots/spectra3.png>] [8 <./plots/noisedist.png>]
\openout2 = `detsim/detsimulation.aux'.

(./detsim/detsimulation.tex <plots/noiseRFPD.png, id=201, 578.16pt x 433.62pt>
File: plots/noiseRFPD.png Graphic file (type png)
<use plots/noiseRFPD.png>
Package pdftex.def Info: plots/noiseRFPD.png used on input line 25.
(pdftex.def)             Requested size: 216.90276pt x 162.67326pt.
<plots/signalexample.png, id=202, 578.16pt x 433.62pt>
File: plots/signalexample.png Graphic file (type png)
<use plots/signalexample.png>
Package pdftex.def Info: plots/signalexample.png used on input line 26.
(pdftex.def)             Requested size: 216.90276pt x 162.67326pt.
<plots/powerdetDCcarac.png, id=204, 578.16pt x 433.62pt>
File: plots/powerdetDCcarac.png Graphic file (type png)
<use plots/powerdetDCcarac.png>
Package pdftex.def Info: plots/powerdetDCcarac.png used on input line 44.
(pdftex.def)             Requested size: 265.59494pt x 199.19633pt.
[9


 <./plots/noiseRFPD.png> <./plots/signalexample.png>] <plots/nocapa_method1.png
, id=218, 722.7pt x 578.16pt>
File: plots/nocapa_method1.png Graphic file (type png)
<use plots/nocapa_method1.png>
Package pdftex.def Info: plots/nocapa_method1.png used on input line 90.
(pdftex.def)             Requested size: 216.90276pt x 173.51991pt.
<plots/res_method1.png, id=219, 578.16pt x 433.62pt>
File: plots/res_method1.png Graphic file (type png)
<use plots/res_method1.png>
Package pdftex.def Info: plots/res_method1.png used on input line 91.
(pdftex.def)             Requested size: 216.90276pt x 162.67326pt.
[10 <./plots/powerdetDCcarac.png>] <plots/c_spec.png, id=233, 578.16pt x 433.62
pt>
File: plots/c_spec.png Graphic file (type png)
<use plots/c_spec.png>
Package pdftex.def Info: plots/c_spec.png used on input line 119.
(pdftex.def)             Requested size: 141.65244pt x 106.23451pt.
<plots/c_ratio.png, id=234, 578.16pt x 433.62pt>
File: plots/c_ratio.png Graphic file (type png)
<use plots/c_ratio.png>
Package pdftex.def Info: plots/c_ratio.png used on input line 120.
(pdftex.def)             Requested size: 141.65244pt x 106.23451pt.
<plots/c_phase.png, id=235, 578.16pt x 433.62pt>
File: plots/c_phase.png Graphic file (type png)
<use plots/c_phase.png>
Package pdftex.def Info: plots/c_phase.png used on input line 121.
(pdftex.def)             Requested size: 141.65244pt x 106.23451pt.
<plots/nc_spec.png, id=236, 578.16pt x 433.62pt>
File: plots/nc_spec.png Graphic file (type png)
<use plots/nc_spec.png>
Package pdftex.def Info: plots/nc_spec.png used on input line 129.
(pdftex.def)             Requested size: 141.65244pt x 106.23451pt.
<plots/nc_ratio.png, id=237, 578.16pt x 433.62pt>
File: plots/nc_ratio.png Graphic file (type png)
<use plots/nc_ratio.png>
Package pdftex.def Info: plots/nc_ratio.png used on input line 130.
(pdftex.def)             Requested size: 141.65244pt x 106.23451pt.
<plots/nc_phase.png, id=238, 578.16pt x 433.62pt>
File: plots/nc_phase.png Graphic file (type png)
<use plots/nc_phase.png>
Package pdftex.def Info: plots/nc_phase.png used on input line 131.
(pdftex.def)             Requested size: 141.65244pt x 106.23451pt.
<plots/nocapa_method2.png, id=240, 722.7pt x 578.16pt>
File: plots/nocapa_method2.png Graphic file (type png)
<use plots/nocapa_method2.png>
Package pdftex.def Info: plots/nocapa_method2.png used on input line 142.
(pdftex.def)             Requested size: 216.90276pt x 173.51991pt.
<plots/res_method2.png, id=241, 578.16pt x 433.62pt>
File: plots/res_method2.png Graphic file (type png)
<use plots/res_method2.png>
Package pdftex.def Info: plots/res_method2.png used on input line 143.
(pdftex.def)             Requested size: 216.90276pt x 162.67326pt.
[11 <./plots/nocapa_method1.png> <./plots/res_method1.png> <./plots/c_spec.png>
 <./plots/c_ratio.png> <./plots/c_phase.png>] <plots/nocapa_method3.png, id=261
, 722.7pt x 578.16pt>
File: plots/nocapa_method3.png Graphic file (type png)
<use plots/nocapa_method3.png>
Package pdftex.def Info: plots/nocapa_method3.png used on input line 167.
(pdftex.def)             Requested size: 216.90276pt x 173.51991pt.
<plots/res_method3.png, id=262, 578.16pt x 433.62pt>
File: plots/res_method3.png Graphic file (type png)
<use plots/res_method3.png>
Package pdftex.def Info: plots/res_method3.png used on input line 168.
(pdftex.def)             Requested size: 216.90276pt x 162.67326pt.
[12 <./plots/nc_spec.png> <./plots/nc_ratio.png> <./plots/nc_phase.png> <./plot
s/nocapa_method2.png> <./plots/res_method2.png>] [13 <./plots/nocapa_method3.pn
g> <./plots/res_method3.png>] <plots/exampleeasierboard.png, id=291, 578.16pt x
 433.62pt>
File: plots/exampleeasierboard.png Graphic file (type png)
<use plots/exampleeasierboard.png>
Package pdftex.def Info: plots/exampleeasierboard.png used on input line 198.
(pdftex.def)             Requested size: 265.59494pt x 199.19633pt.
<plots/boardcaracDC.png, id=292, 578.16pt x 433.62pt>
File: plots/boardcaracDC.png Graphic file (type png)
<use plots/boardcaracDC.png>
Package pdftex.def Info: plots/boardcaracDC.png used on input line 207.
(pdftex.def)             Requested size: 199.19283pt x 149.39395pt.
<plots/boardcaracHF.png, id=293, 578.16pt x 433.62pt>
File: plots/boardcaracHF.png Graphic file (type png)
<use plots/boardcaracHF.png>
Package pdftex.def Info: plots/boardcaracHF.png used on input line 208.
(pdftex.def)             Requested size: 199.19283pt x 149.39395pt.
<plots/fftexspec.png, id=295, 578.16pt x 433.62pt>
File: plots/fftexspec.png Graphic file (type png)
<use plots/fftexspec.png>
Package pdftex.def Info: plots/fftexspec.png used on input line 221.
(pdftex.def)             Requested size: 141.65244pt x 106.23451pt.
<plots/fftexratio.png, id=296, 578.16pt x 433.62pt>
File: plots/fftexratio.png Graphic file (type png)
<use plots/fftexratio.png>
Package pdftex.def Info: plots/fftexratio.png used on input line 222.
(pdftex.def)             Requested size: 141.65244pt x 106.23451pt.
<plots/fftexphase.png, id=297, 578.16pt x 433.62pt>
File: plots/fftexphase.png Graphic file (type png)
<use plots/fftexphase.png>
Package pdftex.def Info: plots/fftexphase.png used on input line 223.
(pdftex.def)             Requested size: 141.65244pt x 106.23451pt.

Underfull \vbox (badness 10000) has occurred while \output is active []

[14

 <./plots/exampleeasierboard.png>] <plots/fitspecboard.png, id=307, 578.16pt x 
433.62pt>
File: plots/fitspecboard.png Graphic file (type png)
<use plots/fitspecboard.png>
Package pdftex.def Info: plots/fitspecboard.png used on input line 251.
(pdftex.def)             Requested size: 199.19283pt x 149.39395pt.
<plots/fitphaseboard.png, id=308, 578.16pt x 433.62pt>
File: plots/fitphaseboard.png Graphic file (type png)
<use plots/fitphaseboard.png>
Package pdftex.def Info: plots/fitphaseboard.png used on input line 252.
(pdftex.def)             Requested size: 199.19283pt x 149.39395pt.
<plots/examplesimboard.png, id=310, 578.16pt x 433.62pt>
File: plots/examplesimboard.png Graphic file (type png)
<use plots/examplesimboard.png>
Package pdftex.def Info: plots/examplesimboard.png used on input line 266.
(pdftex.def)             Requested size: 199.19283pt x 149.39395pt.
<plots/residualboard.png, id=311, 578.16pt x 433.62pt>
File: plots/residualboard.png Graphic file (type png)
<use plots/residualboard.png>
Package pdftex.def Info: plots/residualboard.png used on input line 267.
(pdftex.def)             Requested size: 199.19283pt x 149.39395pt.
[15 <./plots/boardcaracDC.png> <./plots/boardcaracHF.png> <./plots/fftexspec.pn
g> <./plots/fftexratio.png> <./plots/fftexphase.png>]) [16 <./plots/fitspecboar
d.png> <./plots/fitphaseboard.png> <./plots/examplesimboard.png> <./plots/resid
ualboard.png>]
\openout2 = `comparison/comparison.aux'.

(./comparison/comparison.tex <plots/datatrace.png, id=345, 578.16pt x 433.62pt>
File: plots/datatrace.png Graphic file (type png)
<use plots/datatrace.png>
Package pdftex.def Info: plots/datatrace.png used on input line 24.
(pdftex.def)             Requested size: 216.90276pt x 162.67326pt.
<plots/datarmsdist.png, id=346, 578.16pt x 433.62pt>
File: plots/datarmsdist.png Graphic file (type png)
<use plots/datarmsdist.png>
Package pdftex.def Info: plots/datarmsdist.png used on input line 25.
(pdftex.def)             Requested size: 216.90276pt x 162.67326pt.
<plots/disteasier7.png, id=347, 578.16pt x 433.62pt>
File: plots/disteasier7.png Graphic file (type png)
<use plots/disteasier7.png>
Package pdftex.def Info: plots/disteasier7.png used on input line 33.
(pdftex.def)             Requested size: 141.65244pt x 106.23451pt.
<plots/disteasier47.png, id=348, 578.16pt x 433.62pt>
File: plots/disteasier47.png Graphic file (type png)
<use plots/disteasier47.png>
Package pdftex.def Info: plots/disteasier47.png used on input line 34.
(pdftex.def)             Requested size: 141.65244pt x 106.23451pt.
<plots/distgigaduck.png, id=349, 578.16pt x 433.62pt>
File: plots/distgigaduck.png Graphic file (type png)
<use plots/distgigaduck.png>
Package pdftex.def Info: plots/distgigaduck.png used on input line 35.
(pdftex.def)             Requested size: 141.65244pt x 106.23451pt.
[17


 <./plots/datatrace.png> <./plots/datarmsdist.png> <./plots/disteasier7.png> <.
/plots/disteasier47.png> <./plots/distgigaduck.png>]

LaTeX Warning: Reference `fig:compmeanrms' on page 18 undefined on input line 4
8.

<plots/m1_distdatasimEA7.png, id=372, 578.16pt x 433.62pt>
File: plots/m1_distdatasimEA7.png Graphic file (type png)
<use plots/m1_distdatasimEA7.png>
Package pdftex.def Info: plots/m1_distdatasimEA7.png used on input line 54.
(pdftex.def)             Requested size: 141.65244pt x 106.23451pt.
<plots/m1_distdatasimEA61.png, id=373, 578.16pt x 433.62pt>
File: plots/m1_distdatasimEA61.png Graphic file (type png)
<use plots/m1_distdatasimEA61.png>
Package pdftex.def Info: plots/m1_distdatasimEA61.png used on input line 55.
(pdftex.def)             Requested size: 141.65244pt x 106.23451pt.
<plots/m1_distdatasimGD.png, id=374, 578.16pt x 433.62pt>
File: plots/m1_distdatasimGD.png Graphic file (type png)
<use plots/m1_distdatasimGD.png>
Package pdftex.def Info: plots/m1_distdatasimGD.png used on input line 56.
(pdftex.def)             Requested size: 141.65244pt x 106.23451pt.
<plots/m2_distdatasimEA7.png, id=375, 578.16pt x 433.62pt>
File: plots/m2_distdatasimEA7.png Graphic file (type png)
<use plots/m2_distdatasimEA7.png>
Package pdftex.def Info: plots/m2_distdatasimEA7.png used on input line 64.
(pdftex.def)             Requested size: 141.65244pt x 106.23451pt.
<plots/m2_distdatasimEA61.png, id=376, 578.16pt x 433.62pt>
File: plots/m2_distdatasimEA61.png Graphic file (type png)
<use plots/m2_distdatasimEA61.png>
Package pdftex.def Info: plots/m2_distdatasimEA61.png used on input line 65.
(pdftex.def)             Requested size: 141.65244pt x 106.23451pt.
<plots/m2_distdatasimGD.png, id=377, 578.16pt x 433.62pt>
File: plots/m2_distdatasimGD.png Graphic file (type png)
<use plots/m2_distdatasimGD.png>
Package pdftex.def Info: plots/m2_distdatasimGD.png used on input line 66.
(pdftex.def)             Requested size: 141.65244pt x 106.23451pt.
<plots/m3_distdatasimEA7.png, id=378, 578.16pt x 433.62pt>
File: plots/m3_distdatasimEA7.png Graphic file (type png)
<use plots/m3_distdatasimEA7.png>
Package pdftex.def Info: plots/m3_distdatasimEA7.png used on input line 74.
(pdftex.def)             Requested size: 141.65244pt x 106.23451pt.
<plots/m3_distdatasimEA61.png, id=379, 578.16pt x 433.62pt>
File: plots/m3_distdatasimEA61.png Graphic file (type png)
<use plots/m3_distdatasimEA61.png>
Package pdftex.def Info: plots/m3_distdatasimEA61.png used on input line 75.
(pdftex.def)             Requested size: 141.65244pt x 106.23451pt.
<plots/m3_distdatasimGD.png, id=380, 578.16pt x 433.62pt>
File: plots/m3_distdatasimGD.png Graphic file (type png)
<use plots/m3_distdatasimGD.png>
Package pdftex.def Info: plots/m3_distdatasimGD.png used on input line 76.
(pdftex.def)             Requested size: 141.65244pt x 106.23451pt.
<plots/datasimrmsdist.png, id=381, 578.16pt x 433.62pt>
File: plots/datasimrmsdist.png Graphic file (type png)
<use plots/datasimrmsdist.png>
Package pdftex.def Info: plots/datasimrmsdist.png used on input line 84.
(pdftex.def)             Requested size: 146.07654pt x 109.556pt.
<plots/m2_datasimrmsdist.png, id=382, 578.16pt x 433.62pt>
File: plots/m2_datasimrmsdist.png Graphic file (type png)
<use plots/m2_datasimrmsdist.png>
Package pdftex.def Info: plots/m2_datasimrmsdist.png used on input line 85.
(pdftex.def)             Requested size: 146.07654pt x 109.556pt.
<plots/m3_datasimrmsdist.png, id=383, 578.16pt x 433.62pt>
File: plots/m3_datasimrmsdist.png Graphic file (type png)
<use plots/m3_datasimrmsdist.png>
Package pdftex.def Info: plots/m3_datasimrmsdist.png used on input line 86.
(pdftex.def)             Requested size: 146.07654pt x 109.556pt.
[18 <./plots/m1_distdatasimEA7.png> <./plots/m1_distdatasimEA61.png> <./plots/m
1_distdatasimGD.png> <./plots/m2_distdatasimEA7.png> <./plots/m2_distdatasimEA6
1.png> <./plots/m2_distdatasimGD.png> <./plots/m3_distdatasimEA7.png> <./plots/
m3_distdatasimEA61.png> <./plots/m3_distdatasimGD.png>]) [19 <./plots/datasimrm
sdist.png> <./plots/m2_datasimrmsdist.png> <./plots/m3_datasimrmsdist.png>]
\openout2 = `conclusion/conclusion.aux'.

(./conclusion/conclusion.tex) [20


]
No file detsim.bbl.
Package atveryend Info: Empty hook `BeforeClearDocument' on input line 116.
Package atveryend Info: Empty hook `AfterLastShipout' on input line 116.
(./detsim.aux (./introduction/introduction.aux) (./rfsim/rfsim.aux) (./detsim/d
etsimulation.aux) (./comparison/comparison.aux) (./conclusion/conclusion.aux))
Package atveryend Info: Executing hook `AtVeryEndDocument' on input line 116.
Package atveryend Info: Executing hook `AtEndAfterFileList' on input line 116.
Package rerunfilecheck Info: File `detsim.out' has not changed.
(rerunfilecheck)             Checksum: 83B4D4BB9D672F36D3357AFC46E637ED;938.

LaTeX Warning: There were undefined references.


LaTeX Warning: There were multiply-defined labels.

Package atveryend Info: Empty hook `AtVeryVeryEnd' on input line 116.
 ) 
Here is how much of TeX's memory you used:
 20089 strings out of 493089
 364271 string characters out of 6134842
 460418 words of memory out of 5000000
 22920 multiletter control sequences out of 15000+600000
 40093 words of font info for 40 fonts, out of 8000000 for 9000
 1141 hyphenation exceptions out of 8191
 61i,10n,56p,493b,477s stack positions out of 5000i,500n,10000p,200000b,80000s
{/usr/local/texlive/2015/texmf-dist/fonts/enc/dvips/lm/lm-mathsy.enc}{/usr/lo
cal/texlive/2015/texmf-dist/fonts/enc/dvips/lm/lm-mathex.enc}{/usr/local/texliv
e/2015/texmf-dist/fonts/enc/dvips/lm/lm-rm.enc}{/usr/local/texlive/2015/texmf-d
ist/fonts/enc/dvips/lm/lm-mathit.enc}{/usr/local/texlive/2015/texmf-dist/fonts/
enc/dvips/lm/lm-rmtt.enc}</usr/local/texlive/2015/texmf-dist/fonts/type1/public
/lm/lmbx10.pfb></usr/local/texlive/2015/texmf-dist/fonts/type1/public/lm/lmbx12
.pfb></usr/local/texlive/2015/texmf-dist/fonts/type1/public/lm/lmex10.pfb></usr
/local/texlive/2015/texmf-dist/fonts/type1/public/lm/lmmi10.pfb></usr/local/tex
live/2015/texmf-dist/fonts/type1/public/lm/lmmi6.pfb></usr/local/texlive/2015/t
exmf-dist/fonts/type1/public/lm/lmmi8.pfb></usr/local/texlive/2015/texmf-dist/f
onts/type1/public/lm/lmr10.pfb></usr/local/texlive/2015/texmf-dist/fonts/type1/
public/lm/lmr17.pfb></usr/local/texlive/2015/texmf-dist/fonts/type1/public/lm/l
mr6.pfb></usr/local/texlive/2015/texmf-dist/fonts/type1/public/lm/lmr8.pfb></us
r/local/texlive/2015/texmf-dist/fonts/type1/public/lm/lmsy10.pfb></usr/local/te
xlive/2015/texmf-dist/fonts/type1/public/lm/lmsy6.pfb></usr/local/texlive/2015/
texmf-dist/fonts/type1/public/lm/lmsy8.pfb></usr/local/texlive/2015/texmf-dist/
fonts/type1/public/lm/lmtt10.pfb>
Output written on detsim.pdf (20 pages, 3091642 bytes).
PDF statistics:
 505 PDF objects out of 1000 (max. 8388607)
 360 compressed objects within 4 object streams
 132 named destinations out of 1000 (max. 500000)
 385 words of extra memory for PDF output out of 10000 (max. 10000000)

